<?xml version="1.0" encoding="UTF-8" ?>
<testsuites>
  <testsuite errors="0" failures="1" hostname="Terry-PC" id="0" name="SupplierTests" package="ds" tests="1" time="0.545" timestamp="2013-02-05T18:26:25">
      <properties />

      <testcase classname="ds.SupplierTests" name="testSomething" time="0.525">
          <failure message="junit.framework.AssertionFailedError: Implement me" type="junit.framework.AssertionFailedError">junit.framework.AssertionFailedError: junit.framework.AssertionFailedError: Implement me
	at ds.SupplierTests.testSomething(SupplierTests.groovy:15)
</failure>

      </testcase>

      <system-out><![CDATA[--Output from testSomething--
]]></system-out>

      <system-err><![CDATA[--Output from testSomething--
]]></system-err>

  </testsuite>
</testsuites>
